<?xml version="1.0" encoding="UTF-8" ?>
<testsuite failures="0" time="1.667" errors="0" skipped="0" tests="1" name="JSPStringInputTest">
  <properties>
    <property name="java.runtime.name" value="Java(TM) SE Runtime Environment"/>
    <property name="sun.boot.library.path" value="/usr/lib/jvm/java-6-sun-1.6.0.24/jre/lib/i386"/>
    <property name="java.vm.version" value="19.1-b02"/>
    <property name="java.vm.vendor" value="Sun Microsystems Inc."/>
    <property name="java.vendor.url" value="http://java.sun.com/"/>
    <property name="path.separator" value=":"/>
    <property name="java.vm.name" value="Java HotSpot(TM) Server VM"/>
    <property name="file.encoding.pkg" value="sun.io"/>
    <property name="user.country" value="SG"/>
    <property name="sun.java.launcher" value="SUN_STANDARD"/>
    <property name="sun.os.patch.level" value="unknown"/>
    <property name="java.vm.specification.name" value="Java Virtual Machine Specification"/>
    <property name="user.dir" value="/home/benjamingoh/Documents/workspace-sts-2.5.0.M3/jsptest-test"/>
    <property name="java.runtime.version" value="1.6.0_24-b07"/>
    <property name="java.awt.graphicsenv" value="sun.awt.X11GraphicsEnvironment"/>
    <property name="basedir" value="/home/benjamingoh/Documents/workspace-sts-2.5.0.M3/jsptest-test"/>
    <property name="java.endorsed.dirs" value="/usr/lib/jvm/java-6-sun-1.6.0.24/jre/lib/endorsed"/>
    <property name="os.arch" value="i386"/>
    <property name="surefire.real.class.path" value="/tmp/surefirebooter321844841756147789.jar"/>
    <property name="java.io.tmpdir" value="/tmp"/>
    <property name="line.separator" value="
"/>
    <property name="java.vm.specification.vendor" value="Sun Microsystems Inc."/>
    <property name="os.name" value="Linux"/>
    <property name="sun.jnu.encoding" value="UTF-8"/>
    <property name="java.library.path" value="/usr/lib/jvm/java-6-sun-1.6.0.24/jre/lib/i386/server:/usr/lib/jvm/java-6-sun-1.6.0.24/jre/lib/i386:/usr/lib/jvm/java-6-sun-1.6.0.24/jre/../lib/i386:/usr/java/packages/lib/i386:/lib:/usr/lib"/>
    <property name="surefire.test.class.path" value="/home/benjamingoh/Documents/workspace-sts-2.5.0.M3/jsptest-test/target/test-classes:/home/benjamingoh/Documents/workspace-sts-2.5.0.M3/jsptest-test/target/classes:/home/benjamingoh/.m2/repository/org/slf4j/slf4j-api/1.6.0/slf4j-api-1.6.0.jar:/home/benjamingoh/.m2/repository/log4j/log4j/1.2.14/log4j-1.2.14.jar:/home/benjamingoh/.m2/repository/net/sf/jsptest/jsptest-jsp20/0.19/jsptest-jsp20-0.19.jar:/home/benjamingoh/.m2/repository/net/sf/jsptest/jsptest-framework/0.19/jsptest-framework-0.19.jar:/home/benjamingoh/.m2/repository/net/sf/jsptest/jsptest-compiler-api/0.19/jsptest-compiler-api-0.19.jar:/home/benjamingoh/.m2/repository/jtidy/jtidy/4aug2000r7-dev/jtidy-4aug2000r7-dev.jar:/home/benjamingoh/.m2/repository/junit/junit/3.8.2/junit-3.8.2.jar:/home/benjamingoh/.m2/repository/jaxen/jaxen/1.1.1/jaxen-1.1.1.jar:/home/benjamingoh/.m2/repository/dom4j/dom4j/1.6.1/dom4j-1.6.1.jar:/home/benjamingoh/.m2/repository/jdom/jdom/1.0/jdom-1.0.jar:/home/benjamingoh/.m2/repository/xml-apis/xml-apis/1.3.02/xml-apis-1.3.02.jar:/home/benjamingoh/.m2/repository/xerces/xercesImpl/2.6.2/xercesImpl-2.6.2.jar:/home/benjamingoh/.m2/repository/xom/xom/1.0/xom-1.0.jar:/home/benjamingoh/.m2/repository/xerces/xmlParserAPIs/2.6.2/xmlParserAPIs-2.6.2.jar:/home/benjamingoh/.m2/repository/xalan/xalan/2.6.0/xalan-2.6.0.jar:/home/benjamingoh/.m2/repository/com/ibm/icu/icu4j/2.6.1/icu4j-2.6.1.jar:/home/benjamingoh/.m2/repository/net/sf/jsptest/jsptest-common/0.19/jsptest-common-0.19.jar:/usr/lib/jvm/java-6-sun-1.6.0.24/jre/../lib/tools.jar:/home/benjamingoh/.m2/repository/javax/servlet/jstl/1.1.2/jstl-1.1.2.jar:/home/benjamingoh/.m2/repository/taglibs/standard/1.1.2/standard-1.1.2.jar:/home/benjamingoh/.m2/repository/tomcat/jasper-compiler/5.5.15/jasper-compiler-5.5.15.jar:/home/benjamingoh/.m2/repository/javax/servlet/jsp-api/2.0/jsp-api-2.0.jar:/home/benjamingoh/.m2/repository/javax/servlet/servlet-api/2.4/servlet-api-2.4.jar:/home/benjamingoh/.m2/repository/ant/ant/1.6.5/ant-1.6.5.jar:/home/benjamingoh/.m2/repository/tomcat/jasper-runtime/5.5.15/jasper-runtime-5.5.15.jar:/home/benjamingoh/.m2/repository/commons-el/commons-el/1.0/commons-el-1.0.jar:/home/benjamingoh/.m2/repository/commons-logging/commons-logging/1.0.3/commons-logging-1.0.3.jar:"/>
    <property name="java.specification.name" value="Java Platform API Specification"/>
    <property name="java.class.version" value="50.0"/>
    <property name="sun.management.compiler" value="HotSpot Tiered Compilers"/>
    <property name="os.version" value="2.6.35-28-generic-pae"/>
    <property name="user.home" value="/home/benjamingoh"/>
    <property name="user.timezone" value="Asia/Singapore"/>
    <property name="java.awt.printerjob" value="sun.print.PSPrinterJob"/>
    <property name="file.encoding" value="UTF-8"/>
    <property name="java.specification.version" value="1.6"/>
    <property name="user.name" value="benjamingoh"/>
    <property name="java.class.path" value="/home/benjamingoh/Documents/workspace-sts-2.5.0.M3/jsptest-test/target/test-classes:/home/benjamingoh/Documents/workspace-sts-2.5.0.M3/jsptest-test/target/classes:/home/benjamingoh/.m2/repository/org/slf4j/slf4j-api/1.6.0/slf4j-api-1.6.0.jar:/home/benjamingoh/.m2/repository/log4j/log4j/1.2.14/log4j-1.2.14.jar:/home/benjamingoh/.m2/repository/net/sf/jsptest/jsptest-jsp20/0.19/jsptest-jsp20-0.19.jar:/home/benjamingoh/.m2/repository/net/sf/jsptest/jsptest-framework/0.19/jsptest-framework-0.19.jar:/home/benjamingoh/.m2/repository/net/sf/jsptest/jsptest-compiler-api/0.19/jsptest-compiler-api-0.19.jar:/home/benjamingoh/.m2/repository/jtidy/jtidy/4aug2000r7-dev/jtidy-4aug2000r7-dev.jar:/home/benjamingoh/.m2/repository/junit/junit/3.8.2/junit-3.8.2.jar:/home/benjamingoh/.m2/repository/jaxen/jaxen/1.1.1/jaxen-1.1.1.jar:/home/benjamingoh/.m2/repository/dom4j/dom4j/1.6.1/dom4j-1.6.1.jar:/home/benjamingoh/.m2/repository/jdom/jdom/1.0/jdom-1.0.jar:/home/benjamingoh/.m2/repository/xml-apis/xml-apis/1.3.02/xml-apis-1.3.02.jar:/home/benjamingoh/.m2/repository/xerces/xercesImpl/2.6.2/xercesImpl-2.6.2.jar:/home/benjamingoh/.m2/repository/xom/xom/1.0/xom-1.0.jar:/home/benjamingoh/.m2/repository/xerces/xmlParserAPIs/2.6.2/xmlParserAPIs-2.6.2.jar:/home/benjamingoh/.m2/repository/xalan/xalan/2.6.0/xalan-2.6.0.jar:/home/benjamingoh/.m2/repository/com/ibm/icu/icu4j/2.6.1/icu4j-2.6.1.jar:/home/benjamingoh/.m2/repository/net/sf/jsptest/jsptest-common/0.19/jsptest-common-0.19.jar:/usr/lib/jvm/java-6-sun-1.6.0.24/jre/../lib/tools.jar:/home/benjamingoh/.m2/repository/javax/servlet/jstl/1.1.2/jstl-1.1.2.jar:/home/benjamingoh/.m2/repository/taglibs/standard/1.1.2/standard-1.1.2.jar:/home/benjamingoh/.m2/repository/tomcat/jasper-compiler/5.5.15/jasper-compiler-5.5.15.jar:/home/benjamingoh/.m2/repository/javax/servlet/jsp-api/2.0/jsp-api-2.0.jar:/home/benjamingoh/.m2/repository/javax/servlet/servlet-api/2.4/servlet-api-2.4.jar:/home/benjamingoh/.m2/repository/ant/ant/1.6.5/ant-1.6.5.jar:/home/benjamingoh/.m2/repository/tomcat/jasper-runtime/5.5.15/jasper-runtime-5.5.15.jar:/home/benjamingoh/.m2/repository/commons-el/commons-el/1.0/commons-el-1.0.jar:/home/benjamingoh/.m2/repository/commons-logging/commons-logging/1.0.3/commons-logging-1.0.3.jar:"/>
    <property name="java.vm.specification.version" value="1.0"/>
    <property name="sun.arch.data.model" value="32"/>
    <property name="java.home" value="/usr/lib/jvm/java-6-sun-1.6.0.24/jre"/>
    <property name="java.specification.vendor" value="Sun Microsystems Inc."/>
    <property name="user.language" value="en"/>
    <property name="java.vm.info" value="mixed mode"/>
    <property name="java.version" value="1.6.0_24"/>
    <property name="java.ext.dirs" value="/usr/lib/jvm/java-6-sun-1.6.0.24/jre/lib/ext:/usr/java/packages/lib/ext"/>
    <property name="sun.boot.class.path" value="/usr/lib/jvm/java-6-sun-1.6.0.24/jre/lib/resources.jar:/usr/lib/jvm/java-6-sun-1.6.0.24/jre/lib/rt.jar:/usr/lib/jvm/java-6-sun-1.6.0.24/jre/lib/sunrsasign.jar:/usr/lib/jvm/java-6-sun-1.6.0.24/jre/lib/jsse.jar:/usr/lib/jvm/java-6-sun-1.6.0.24/jre/lib/jce.jar:/usr/lib/jvm/java-6-sun-1.6.0.24/jre/lib/charsets.jar:/usr/lib/jvm/java-6-sun-1.6.0.24/jre/lib/modules/jdk.boot.jar:/usr/lib/jvm/java-6-sun-1.6.0.24/jre/classes"/>
    <property name="java.vendor" value="Sun Microsystems Inc."/>
    <property name="localRepository" value="/home/benjamingoh/.m2/repository"/>
    <property name="file.separator" value="/"/>
    <property name="java.vendor.url.bug" value="http://java.sun.com/cgi-bin/bugreport.cgi"/>
    <property name="sun.cpu.endian" value="little"/>
    <property name="sun.io.unicode.encoding" value="UnicodeLittle"/>
    <property name="sun.desktop" value="gnome"/>
    <property name="sun.cpu.isalist" value=""/>
  </properties>
  <testcase time="1.545" classname="JSPStringInputTest" name="testIndexJsp"/>
</testsuite>